2015-01-06 10:53:13 [-][-][-][error][yii\db\Exception] exception 'PDOException' with message 'SQLSTATE[42000] [1049] Unknown database 'yii2advanced'' in /var/www/yii-plugin/vendor/yiisoft/yii2/db/Connection.php:579
Stack trace:
#0 /var/www/yii-plugin/vendor/yiisoft/yii2/db/Connection.php(579): PDO->__construct('mysql:host=loca...', 'root', '', NULL)
#1 /var/www/yii-plugin/vendor/yiisoft/yii2/db/Connection.php(529): yii\db\Connection->createPdoInstance()
#2 /var/www/yii-plugin/vendor/yiisoft/yii2/db/Connection.php(836): yii\db\Connection->open()
#3 /var/www/yii-plugin/vendor/yiisoft/yii2/db/Connection.php(823): yii\db\Connection->getMasterPdo()
#4 /var/www/yii-plugin/vendor/yiisoft/yii2/db/Command.php(208): yii\db\Connection->getSlavePdo()
#5 /var/www/yii-plugin/vendor/yiisoft/yii2/db/Command.php(815): yii\db\Command->prepare(true)
#6 /var/www/yii-plugin/vendor/yiisoft/yii2/db/Command.php(350): yii\db\Command->queryInternal('fetchAll', NULL)
#7 /var/www/yii-plugin/vendor/yiisoft/yii2/db/mysql/Schema.php(198): yii\db\Command->queryAll()
#8 /var/www/yii-plugin/vendor/yiisoft/yii2/db/mysql/Schema.php(97): yii\db\mysql\Schema->findColumns(Object(yii\db\TableSchema))
#9 /var/www/yii-plugin/vendor/yiisoft/yii2/db/Schema.php(139): yii\db\mysql\Schema->loadTableSchema('migration')
#10 /var/www/yii-plugin/vendor/yiisoft/yii2/console/controllers/MigrateController.php(126): yii\db\Schema->getTableSchema('{{%migration}}', true)
#11 /var/www/yii-plugin/vendor/yiisoft/yii2/console/controllers/BaseMigrateController.php(607): yii\console\controllers\MigrateController->getMigrationHistory(NULL)
#12 /var/www/yii-plugin/vendor/yiisoft/yii2/console/controllers/BaseMigrateController.php(99): yii\console\controllers\BaseMigrateController->getNewMigrations()
#13 [internal function]: yii\console\controllers\BaseMigrateController->actionUp(0)
#14 /var/www/yii-plugin/vendor/yiisoft/yii2/base/InlineAction.php(55): call_user_func_array(Array, Array)
#15 /var/www/yii-plugin/vendor/yiisoft/yii2/base/Controller.php(151): yii\base\InlineAction->runWithParams(Array)
#16 /var/www/yii-plugin/vendor/yiisoft/yii2/console/Controller.php(91): yii\base\Controller->runAction('', Array)
#17 /var/www/yii-plugin/vendor/yiisoft/yii2/base/Module.php(455): yii\console\Controller->runAction('', Array)
#18 /var/www/yii-plugin/vendor/yiisoft/yii2/console/Application.php(161): yii\base\Module->runAction('migrate', Array)
#19 /var/www/yii-plugin/vendor/yiisoft/yii2/console/Application.php(137): yii\console\Application->runAction('migrate', Array)
#20 /var/www/yii-plugin/vendor/yiisoft/yii2/base/Application.php(375): yii\console\Application->handleRequest(Object(yii\console\Request))
#21 /var/www/yii-plugin/yii(31): yii\base\Application->run()
#22 {main}

Next exception 'yii\db\Exception' with message 'SQLSTATE[42000] [1049] Unknown database 'yii2advanced'' in /var/www/yii-plugin/vendor/yiisoft/yii2/db/Connection.php:534
Stack trace:
#0 /var/www/yii-plugin/vendor/yiisoft/yii2/db/Connection.php(836): yii\db\Connection->open()
#1 /var/www/yii-plugin/vendor/yiisoft/yii2/db/Connection.php(823): yii\db\Connection->getMasterPdo()
#2 /var/www/yii-plugin/vendor/yiisoft/yii2/db/Command.php(208): yii\db\Connection->getSlavePdo()
#3 /var/www/yii-plugin/vendor/yiisoft/yii2/db/Command.php(815): yii\db\Command->prepare(true)
#4 /var/www/yii-plugin/vendor/yiisoft/yii2/db/Command.php(350): yii\db\Command->queryInternal('fetchAll', NULL)
#5 /var/www/yii-plugin/vendor/yiisoft/yii2/db/mysql/Schema.php(198): yii\db\Command->queryAll()
#6 /var/www/yii-plugin/vendor/yiisoft/yii2/db/mysql/Schema.php(97): yii\db\mysql\Schema->findColumns(Object(yii\db\TableSchema))
#7 /var/www/yii-plugin/vendor/yiisoft/yii2/db/Schema.php(139): yii\db\mysql\Schema->loadTableSchema('migration')
#8 /var/www/yii-plugin/vendor/yiisoft/yii2/console/controllers/MigrateController.php(126): yii\db\Schema->getTableSchema('{{%migration}}', true)
#9 /var/www/yii-plugin/vendor/yiisoft/yii2/console/controllers/BaseMigrateController.php(607): yii\console\controllers\MigrateController->getMigrationHistory(NULL)
#10 /var/www/yii-plugin/vendor/yiisoft/yii2/console/controllers/BaseMigrateController.php(99): yii\console\controllers\BaseMigrateController->getNewMigrations()
#11 [internal function]: yii\console\controllers\BaseMigrateController->actionUp(0)
#12 /var/www/yii-plugin/vendor/yiisoft/yii2/base/InlineAction.php(55): call_user_func_array(Array, Array)
#13 /var/www/yii-plugin/vendor/yiisoft/yii2/base/Controller.php(151): yii\base\InlineAction->runWithParams(Array)
#14 /var/www/yii-plugin/vendor/yiisoft/yii2/console/Controller.php(91): yii\base\Controller->runAction('', Array)
#15 /var/www/yii-plugin/vendor/yiisoft/yii2/base/Module.php(455): yii\console\Controller->runAction('', Array)
#16 /var/www/yii-plugin/vendor/yiisoft/yii2/console/Application.php(161): yii\base\Module->runAction('migrate', Array)
#17 /var/www/yii-plugin/vendor/yiisoft/yii2/console/Application.php(137): yii\console\Application->runAction('migrate', Array)
#18 /var/www/yii-plugin/vendor/yiisoft/yii2/base/Application.php(375): yii\console\Application->handleRequest(Object(yii\console\Request))
#19 /var/www/yii-plugin/yii(31): yii\base\Application->run()
#20 {main}
Additional Information:

2015-01-06 10:53:13 [-][-][-][info][application] $_SERVER = [
    'SSH_AGENT_PID' => '2223'
    'GPG_AGENT_INFO' => '/tmp/keyring-1fGH9c/gpg:0:1'
    'TERM' => 'xterm'
    'SHELL' => '/bin/bash'
    'XDG_SESSION_COOKIE' => 'a96adbbe0f0f2b51b93ecb110000050b-1420537612.65301-463550679'
    'WINDOWID' => '69207729'
    'GNOME_KEYRING_CONTROL' => '/tmp/keyring-1fGH9c'
    'USER' => 'manoj'
    'LS_COLORS' => 'rs=0:di=01;34:ln=01;36:mh=00:pi=40;33:so=01;35:do=01;35:bd=40;33;01:cd=40;33;01:or=40;31;01:su=37;41:sg=30;43:ca=30;41:tw=30;42:ow=34;42:st=37;44:ex=01;32:*.tar=01;31:*.tgz=01;31:*.arj=01;31:*.taz=01;31:*.lzh=01;31:*.lzma=01;31:*.tlz=01;31:*.txz=01;31:*.zip=01;31:*.z=01;31:*.Z=01;31:*.dz=01;31:*.gz=01;31:*.lz=01;31:*.xz=01;31:*.bz2=01;31:*.bz=01;31:*.tbz=01;31:*.tbz2=01;31:*.tz=01;31:*.deb=01;31:*.rpm=01;31:*.jar=01;31:*.war=01;31:*.ear=01;31:*.sar=01;31:*.rar=01;31:*.ace=01;31:*.zoo=01;31:*.cpio=01;31:*.7z=01;31:*.rz=01;31:*.jpg=01;35:*.jpeg=01;35:*.gif=01;35:*.bmp=01;35:*.pbm=01;35:*.pgm=01;35:*.ppm=01;35:*.tga=01;35:*.xbm=01;35:*.xpm=01;35:*.tif=01;35:*.tiff=01;35:*.png=01;35:*.svg=01;35:*.svgz=01;35:*.mng=01;35:*.pcx=01;35:*.mov=01;35:*.mpg=01;35:*.mpeg=01;35:*.m2v=01;35:*.mkv=01;35:*.webm=01;35:*.ogm=01;35:*.mp4=01;35:*.m4v=01;35:*.mp4v=01;35:*.vob=01;35:*.qt=01;35:*.nuv=01;35:*.wmv=01;35:*.asf=01;35:*.rm=01;35:*.rmvb=01;35:*.flc=01;35:*.avi=01;35:*.fli=01;35:*.flv=01;35:*.gl=01;35:*.dl=01;35:*.xcf=01;35:*.xwd=01;35:*.yuv=01;35:*.cgm=01;35:*.emf=01;35:*.axv=01;35:*.anx=01;35:*.ogv=01;35:*.ogx=01;35:*.aac=00;36:*.au=00;36:*.flac=00;36:*.mid=00;36:*.midi=00;36:*.mka=00;36:*.mp3=00;36:*.mpc=00;36:*.ogg=00;36:*.ra=00;36:*.wav=00;36:*.axa=00;36:*.oga=00;36:*.spx=00;36:*.xspf=00;36:'
    'XDG_SESSION_PATH' => '/org/freedesktop/DisplayManager/Session0'
    'XDG_SEAT_PATH' => '/org/freedesktop/DisplayManager/Seat0'
    'SSH_AUTH_SOCK' => '/tmp/keyring-1fGH9c/ssh'
    'SESSION_MANAGER' => 'local/manoj:@/tmp/.ICE-unix/2188,unix/manoj:/tmp/.ICE-unix/2188'
    'DEFAULTS_PATH' => '/usr/share/gconf/ubuntu.default.path'
    'XDG_CONFIG_DIRS' => '/etc/xdg/xdg-ubuntu:/etc/xdg'
    'PATH' => '/usr/lib/lightdm/lightdm:/usr/local/sbin:/usr/local/bin:/usr/sbin:/usr/bin:/sbin:/bin:/usr/games'
    'DESKTOP_SESSION' => 'ubuntu'
    'PWD' => '/var/www/yii-plugin'
    'GNOME_KEYRING_PID' => '2177'
    'LANG' => 'en_US.UTF-8'
    'MANDATORY_PATH' => '/usr/share/gconf/ubuntu.mandatory.path'
    'UBUNTU_MENUPROXY' => 'libappmenu.so'
    'COMPIZ_CONFIG_PROFILE' => 'ubuntu'
    'GDMSESSION' => 'ubuntu'
    'SHLVL' => '1'
    'HOME' => '/home/manoj'
    'GNOME_DESKTOP_SESSION_ID' => 'this-is-deprecated'
    'LOGNAME' => 'manoj'
    'XDG_DATA_DIRS' => '/usr/share/ubuntu:/usr/share/gnome:/usr/local/share/:/usr/share/'
    'DBUS_SESSION_BUS_ADDRESS' => 'unix:abstract=/tmp/dbus-2U8ZoIg1HA,guid=3be494953979b989d1c0d51d00000031'
    'LESSOPEN' => '| /usr/bin/lesspipe %s'
    'DISPLAY' => ':0'
    'XDG_CURRENT_DESKTOP' => 'Unity'
    'LESSCLOSE' => '/usr/bin/lesspipe %s %s'
    'COLORTERM' => 'gnome-terminal'
    'XAUTHORITY' => '/home/manoj/.Xauthority'
    'OLDPWD' => '/home/manoj'
    '_' => '/usr/bin/php'
    'PHP_SELF' => 'yii'
    'SCRIPT_NAME' => 'yii'
    'SCRIPT_FILENAME' => 'yii'
    'PATH_TRANSLATED' => 'yii'
    'DOCUMENT_ROOT' => ''
    'REQUEST_TIME_FLOAT' => 1420541593.1416
    'REQUEST_TIME' => 1420541593
    'argv' => [
        0 => 'yii'
        1 => 'migrate'
    ]
    'argc' => 2
]
2015-02-02 07:09:05 [-][-][-][error][yii\console\Exception] exception 'yii\base\InvalidRouteException' with message 'Unable to resolve the request "yii".' in /var/www/yump/yiiuserplugin/vendor/yiisoft/yii2/base/Module.php:461
Stack trace:
#0 /var/www/yump/yiiuserplugin/vendor/yiisoft/yii2/console/Application.php(161): yii\base\Module->runAction('yii', Array)
#1 /var/www/yump/yiiuserplugin/vendor/yiisoft/yii2/console/Application.php(137): yii\console\Application->runAction('yii', Array)
#2 /var/www/yump/yiiuserplugin/vendor/yiisoft/yii2/base/Application.php(375): yii\console\Application->handleRequest(Object(yii\console\Request))
#3 /var/www/yump/yiiuserplugin/yii(31): yii\base\Application->run()
#4 {main}

Next exception 'yii\console\Exception' with message 'Unknown command "yii".' in /var/www/yump/yiiuserplugin/vendor/yiisoft/yii2/console/Application.php:163
Stack trace:
#0 /var/www/yump/yiiuserplugin/vendor/yiisoft/yii2/console/Application.php(137): yii\console\Application->runAction('yii', Array)
#1 /var/www/yump/yiiuserplugin/vendor/yiisoft/yii2/base/Application.php(375): yii\console\Application->handleRequest(Object(yii\console\Request))
#2 /var/www/yump/yiiuserplugin/yii(31): yii\base\Application->run()
#3 {main}
2015-02-02 07:09:05 [-][-][-][info][application] $_SERVER = [
    'SSH_AGENT_PID' => '2335'
    'GPG_AGENT_INFO' => '/tmp/keyring-VwPNAu/gpg:0:1'
    'TERM' => 'xterm'
    'SHELL' => '/bin/bash'
    'XDG_SESSION_COOKIE' => 'a96adbbe0f0f2b51b93ecb110000050b-1422854368.269283-2036469970'
    'WINDOWID' => '73400326'
    'GNOME_KEYRING_CONTROL' => '/tmp/keyring-VwPNAu'
    'USER' => 'manoj'
    'LS_COLORS' => 'rs=0:di=01;34:ln=01;36:mh=00:pi=40;33:so=01;35:do=01;35:bd=40;33;01:cd=40;33;01:or=40;31;01:su=37;41:sg=30;43:ca=30;41:tw=30;42:ow=34;42:st=37;44:ex=01;32:*.tar=01;31:*.tgz=01;31:*.arj=01;31:*.taz=01;31:*.lzh=01;31:*.lzma=01;31:*.tlz=01;31:*.txz=01;31:*.zip=01;31:*.z=01;31:*.Z=01;31:*.dz=01;31:*.gz=01;31:*.lz=01;31:*.xz=01;31:*.bz2=01;31:*.bz=01;31:*.tbz=01;31:*.tbz2=01;31:*.tz=01;31:*.deb=01;31:*.rpm=01;31:*.jar=01;31:*.war=01;31:*.ear=01;31:*.sar=01;31:*.rar=01;31:*.ace=01;31:*.zoo=01;31:*.cpio=01;31:*.7z=01;31:*.rz=01;31:*.jpg=01;35:*.jpeg=01;35:*.gif=01;35:*.bmp=01;35:*.pbm=01;35:*.pgm=01;35:*.ppm=01;35:*.tga=01;35:*.xbm=01;35:*.xpm=01;35:*.tif=01;35:*.tiff=01;35:*.png=01;35:*.svg=01;35:*.svgz=01;35:*.mng=01;35:*.pcx=01;35:*.mov=01;35:*.mpg=01;35:*.mpeg=01;35:*.m2v=01;35:*.mkv=01;35:*.webm=01;35:*.ogm=01;35:*.mp4=01;35:*.m4v=01;35:*.mp4v=01;35:*.vob=01;35:*.qt=01;35:*.nuv=01;35:*.wmv=01;35:*.asf=01;35:*.rm=01;35:*.rmvb=01;35:*.flc=01;35:*.avi=01;35:*.fli=01;35:*.flv=01;35:*.gl=01;35:*.dl=01;35:*.xcf=01;35:*.xwd=01;35:*.yuv=01;35:*.cgm=01;35:*.emf=01;35:*.axv=01;35:*.anx=01;35:*.ogv=01;35:*.ogx=01;35:*.aac=00;36:*.au=00;36:*.flac=00;36:*.mid=00;36:*.midi=00;36:*.mka=00;36:*.mp3=00;36:*.mpc=00;36:*.ogg=00;36:*.ra=00;36:*.wav=00;36:*.axa=00;36:*.oga=00;36:*.spx=00;36:*.xspf=00;36:'
    'XDG_SESSION_PATH' => '/org/freedesktop/DisplayManager/Session0'
    'XDG_SEAT_PATH' => '/org/freedesktop/DisplayManager/Seat0'
    'SSH_AUTH_SOCK' => '/tmp/keyring-VwPNAu/ssh'
    'SESSION_MANAGER' => 'local/manoj:@/tmp/.ICE-unix/2300,unix/manoj:/tmp/.ICE-unix/2300'
    'DEFAULTS_PATH' => '/usr/share/gconf/ubuntu.default.path'
    'XDG_CONFIG_DIRS' => '/etc/xdg/xdg-ubuntu:/etc/xdg'
    'PATH' => '/usr/lib/lightdm/lightdm:/usr/local/sbin:/usr/local/bin:/usr/sbin:/usr/bin:/sbin:/bin:/usr/games'
    'DESKTOP_SESSION' => 'ubuntu'
    'PWD' => '/var/www/yump/yiiuserplugin'
    'GNOME_KEYRING_PID' => '2289'
    'LANG' => 'en_US.UTF-8'
    'MANDATORY_PATH' => '/usr/share/gconf/ubuntu.mandatory.path'
    'UBUNTU_MENUPROXY' => 'libappmenu.so'
    'COMPIZ_CONFIG_PROFILE' => 'ubuntu'
    'GDMSESSION' => 'ubuntu'
    'SHLVL' => '1'
    'HOME' => '/home/manoj'
    'GNOME_DESKTOP_SESSION_ID' => 'this-is-deprecated'
    'LOGNAME' => 'manoj'
    'XDG_DATA_DIRS' => '/usr/share/ubuntu:/usr/share/gnome:/usr/local/share/:/usr/share/'
    'DBUS_SESSION_BUS_ADDRESS' => 'unix:abstract=/tmp/dbus-FyGxQhbqxb,guid=2924a4aaf8d98c2f8256c9bc0000007e'
    'LESSOPEN' => '| /usr/bin/lesspipe %s'
    'DISPLAY' => ':0.0'
    'XDG_CURRENT_DESKTOP' => 'Unity'
    'LESSCLOSE' => '/usr/bin/lesspipe %s %s'
    'COLORTERM' => 'gnome-terminal'
    'XAUTHORITY' => '/home/manoj/.Xauthority'
    'OLDPWD' => '/var/www/yump'
    '_' => '/usr/bin/php'
    'PHP_SELF' => 'yii'
    'SCRIPT_NAME' => 'yii'
    'SCRIPT_FILENAME' => 'yii'
    'PATH_TRANSLATED' => 'yii'
    'DOCUMENT_ROOT' => ''
    'REQUEST_TIME_FLOAT' => 1422860945.0941
    'REQUEST_TIME' => 1422860945
    'argv' => [
        0 => 'yii'
        1 => 'yii'
        2 => 'migrate'
        3 => '--migrationPath=@yii/rbac/migrations'
    ]
    'argc' => 4
]
2015-02-02 09:51:54 [-][-][-][error][yii\console\Exception] exception 'yii\base\InvalidRouteException' with message 'Unable to resolve the request "rbac/init".' in /var/www/yump/yiiuserplugin/vendor/yiisoft/yii2/base/Module.php:461
Stack trace:
#0 /var/www/yump/yiiuserplugin/vendor/yiisoft/yii2/console/Application.php(161): yii\base\Module->runAction('rbac/init', Array)
#1 /var/www/yump/yiiuserplugin/vendor/yiisoft/yii2/console/Application.php(137): yii\console\Application->runAction('rbac/init', Array)
#2 /var/www/yump/yiiuserplugin/vendor/yiisoft/yii2/base/Application.php(375): yii\console\Application->handleRequest(Object(yii\console\Request))
#3 /var/www/yump/yiiuserplugin/yii(31): yii\base\Application->run()
#4 {main}

Next exception 'yii\console\Exception' with message 'Unknown command "rbac/init".' in /var/www/yump/yiiuserplugin/vendor/yiisoft/yii2/console/Application.php:163
Stack trace:
#0 /var/www/yump/yiiuserplugin/vendor/yiisoft/yii2/console/Application.php(137): yii\console\Application->runAction('rbac/init', Array)
#1 /var/www/yump/yiiuserplugin/vendor/yiisoft/yii2/base/Application.php(375): yii\console\Application->handleRequest(Object(yii\console\Request))
#2 /var/www/yump/yiiuserplugin/yii(31): yii\base\Application->run()
#3 {main}
2015-02-02 09:51:54 [-][-][-][info][application] $_SERVER = [
    'SSH_AGENT_PID' => '2335'
    'GPG_AGENT_INFO' => '/tmp/keyring-VwPNAu/gpg:0:1'
    'TERM' => 'xterm'
    'SHELL' => '/bin/bash'
    'XDG_SESSION_COOKIE' => 'a96adbbe0f0f2b51b93ecb110000050b-1422854368.269283-2036469970'
    'WINDOWID' => '73400326'
    'GNOME_KEYRING_CONTROL' => '/tmp/keyring-VwPNAu'
    'USER' => 'manoj'
    'LS_COLORS' => 'rs=0:di=01;34:ln=01;36:mh=00:pi=40;33:so=01;35:do=01;35:bd=40;33;01:cd=40;33;01:or=40;31;01:su=37;41:sg=30;43:ca=30;41:tw=30;42:ow=34;42:st=37;44:ex=01;32:*.tar=01;31:*.tgz=01;31:*.arj=01;31:*.taz=01;31:*.lzh=01;31:*.lzma=01;31:*.tlz=01;31:*.txz=01;31:*.zip=01;31:*.z=01;31:*.Z=01;31:*.dz=01;31:*.gz=01;31:*.lz=01;31:*.xz=01;31:*.bz2=01;31:*.bz=01;31:*.tbz=01;31:*.tbz2=01;31:*.tz=01;31:*.deb=01;31:*.rpm=01;31:*.jar=01;31:*.war=01;31:*.ear=01;31:*.sar=01;31:*.rar=01;31:*.ace=01;31:*.zoo=01;31:*.cpio=01;31:*.7z=01;31:*.rz=01;31:*.jpg=01;35:*.jpeg=01;35:*.gif=01;35:*.bmp=01;35:*.pbm=01;35:*.pgm=01;35:*.ppm=01;35:*.tga=01;35:*.xbm=01;35:*.xpm=01;35:*.tif=01;35:*.tiff=01;35:*.png=01;35:*.svg=01;35:*.svgz=01;35:*.mng=01;35:*.pcx=01;35:*.mov=01;35:*.mpg=01;35:*.mpeg=01;35:*.m2v=01;35:*.mkv=01;35:*.webm=01;35:*.ogm=01;35:*.mp4=01;35:*.m4v=01;35:*.mp4v=01;35:*.vob=01;35:*.qt=01;35:*.nuv=01;35:*.wmv=01;35:*.asf=01;35:*.rm=01;35:*.rmvb=01;35:*.flc=01;35:*.avi=01;35:*.fli=01;35:*.flv=01;35:*.gl=01;35:*.dl=01;35:*.xcf=01;35:*.xwd=01;35:*.yuv=01;35:*.cgm=01;35:*.emf=01;35:*.axv=01;35:*.anx=01;35:*.ogv=01;35:*.ogx=01;35:*.aac=00;36:*.au=00;36:*.flac=00;36:*.mid=00;36:*.midi=00;36:*.mka=00;36:*.mp3=00;36:*.mpc=00;36:*.ogg=00;36:*.ra=00;36:*.wav=00;36:*.axa=00;36:*.oga=00;36:*.spx=00;36:*.xspf=00;36:'
    'XDG_SESSION_PATH' => '/org/freedesktop/DisplayManager/Session0'
    'XDG_SEAT_PATH' => '/org/freedesktop/DisplayManager/Seat0'
    'SSH_AUTH_SOCK' => '/tmp/keyring-VwPNAu/ssh'
    'SESSION_MANAGER' => 'local/manoj:@/tmp/.ICE-unix/2300,unix/manoj:/tmp/.ICE-unix/2300'
    'DEFAULTS_PATH' => '/usr/share/gconf/ubuntu.default.path'
    'XDG_CONFIG_DIRS' => '/etc/xdg/xdg-ubuntu:/etc/xdg'
    'PATH' => '/usr/lib/lightdm/lightdm:/usr/local/sbin:/usr/local/bin:/usr/sbin:/usr/bin:/sbin:/bin:/usr/games'
    'DESKTOP_SESSION' => 'ubuntu'
    'PWD' => '/var/www/yump/yiiuserplugin'
    'GNOME_KEYRING_PID' => '2289'
    'LANG' => 'en_US.UTF-8'
    'MANDATORY_PATH' => '/usr/share/gconf/ubuntu.mandatory.path'
    'UBUNTU_MENUPROXY' => 'libappmenu.so'
    'COMPIZ_CONFIG_PROFILE' => 'ubuntu'
    'GDMSESSION' => 'ubuntu'
    'SHLVL' => '1'
    'HOME' => '/home/manoj'
    'GNOME_DESKTOP_SESSION_ID' => 'this-is-deprecated'
    'LOGNAME' => 'manoj'
    'XDG_DATA_DIRS' => '/usr/share/ubuntu:/usr/share/gnome:/usr/local/share/:/usr/share/'
    'DBUS_SESSION_BUS_ADDRESS' => 'unix:abstract=/tmp/dbus-FyGxQhbqxb,guid=2924a4aaf8d98c2f8256c9bc0000007e'
    'LESSOPEN' => '| /usr/bin/lesspipe %s'
    'DISPLAY' => ':0.0'
    'XDG_CURRENT_DESKTOP' => 'Unity'
    'LESSCLOSE' => '/usr/bin/lesspipe %s %s'
    'COLORTERM' => 'gnome-terminal'
    'XAUTHORITY' => '/home/manoj/.Xauthority'
    'OLDPWD' => '/home/manoj'
    '_' => '/usr/bin/php'
    'PHP_SELF' => './yii'
    'SCRIPT_NAME' => './yii'
    'SCRIPT_FILENAME' => './yii'
    'PATH_TRANSLATED' => './yii'
    'DOCUMENT_ROOT' => ''
    'REQUEST_TIME_FLOAT' => 1422870714.5993
    'REQUEST_TIME' => 1422870714
    'argv' => [
        0 => './yii'
        1 => 'rbac/init'
    ]
    'argc' => 2
]
2015-02-02 09:52:02 [-][-][-][error][yii\console\Exception] exception 'yii\base\InvalidRouteException' with message 'Unable to resolve the request "rbac/init".' in /var/www/yump/yiiuserplugin/vendor/yiisoft/yii2/base/Module.php:461
Stack trace:
#0 /var/www/yump/yiiuserplugin/vendor/yiisoft/yii2/console/Application.php(161): yii\base\Module->runAction('rbac/init', Array)
#1 /var/www/yump/yiiuserplugin/vendor/yiisoft/yii2/console/Application.php(137): yii\console\Application->runAction('rbac/init', Array)
#2 /var/www/yump/yiiuserplugin/vendor/yiisoft/yii2/base/Application.php(375): yii\console\Application->handleRequest(Object(yii\console\Request))
#3 /var/www/yump/yiiuserplugin/yii(31): yii\base\Application->run()
#4 {main}

Next exception 'yii\console\Exception' with message 'Unknown command "rbac/init".' in /var/www/yump/yiiuserplugin/vendor/yiisoft/yii2/console/Application.php:163
Stack trace:
#0 /var/www/yump/yiiuserplugin/vendor/yiisoft/yii2/console/Application.php(137): yii\console\Application->runAction('rbac/init', Array)
#1 /var/www/yump/yiiuserplugin/vendor/yiisoft/yii2/base/Application.php(375): yii\console\Application->handleRequest(Object(yii\console\Request))
#2 /var/www/yump/yiiuserplugin/yii(31): yii\base\Application->run()
#3 {main}
2015-02-02 09:52:02 [-][-][-][info][application] $_SERVER = [
    'SSH_AGENT_PID' => '2335'
    'GPG_AGENT_INFO' => '/tmp/keyring-VwPNAu/gpg:0:1'
    'TERM' => 'xterm'
    'SHELL' => '/bin/bash'
    'XDG_SESSION_COOKIE' => 'a96adbbe0f0f2b51b93ecb110000050b-1422854368.269283-2036469970'
    'WINDOWID' => '73400326'
    'GNOME_KEYRING_CONTROL' => '/tmp/keyring-VwPNAu'
    'USER' => 'manoj'
    'LS_COLORS' => 'rs=0:di=01;34:ln=01;36:mh=00:pi=40;33:so=01;35:do=01;35:bd=40;33;01:cd=40;33;01:or=40;31;01:su=37;41:sg=30;43:ca=30;41:tw=30;42:ow=34;42:st=37;44:ex=01;32:*.tar=01;31:*.tgz=01;31:*.arj=01;31:*.taz=01;31:*.lzh=01;31:*.lzma=01;31:*.tlz=01;31:*.txz=01;31:*.zip=01;31:*.z=01;31:*.Z=01;31:*.dz=01;31:*.gz=01;31:*.lz=01;31:*.xz=01;31:*.bz2=01;31:*.bz=01;31:*.tbz=01;31:*.tbz2=01;31:*.tz=01;31:*.deb=01;31:*.rpm=01;31:*.jar=01;31:*.war=01;31:*.ear=01;31:*.sar=01;31:*.rar=01;31:*.ace=01;31:*.zoo=01;31:*.cpio=01;31:*.7z=01;31:*.rz=01;31:*.jpg=01;35:*.jpeg=01;35:*.gif=01;35:*.bmp=01;35:*.pbm=01;35:*.pgm=01;35:*.ppm=01;35:*.tga=01;35:*.xbm=01;35:*.xpm=01;35:*.tif=01;35:*.tiff=01;35:*.png=01;35:*.svg=01;35:*.svgz=01;35:*.mng=01;35:*.pcx=01;35:*.mov=01;35:*.mpg=01;35:*.mpeg=01;35:*.m2v=01;35:*.mkv=01;35:*.webm=01;35:*.ogm=01;35:*.mp4=01;35:*.m4v=01;35:*.mp4v=01;35:*.vob=01;35:*.qt=01;35:*.nuv=01;35:*.wmv=01;35:*.asf=01;35:*.rm=01;35:*.rmvb=01;35:*.flc=01;35:*.avi=01;35:*.fli=01;35:*.flv=01;35:*.gl=01;35:*.dl=01;35:*.xcf=01;35:*.xwd=01;35:*.yuv=01;35:*.cgm=01;35:*.emf=01;35:*.axv=01;35:*.anx=01;35:*.ogv=01;35:*.ogx=01;35:*.aac=00;36:*.au=00;36:*.flac=00;36:*.mid=00;36:*.midi=00;36:*.mka=00;36:*.mp3=00;36:*.mpc=00;36:*.ogg=00;36:*.ra=00;36:*.wav=00;36:*.axa=00;36:*.oga=00;36:*.spx=00;36:*.xspf=00;36:'
    'XDG_SESSION_PATH' => '/org/freedesktop/DisplayManager/Session0'
    'XDG_SEAT_PATH' => '/org/freedesktop/DisplayManager/Seat0'
    'SSH_AUTH_SOCK' => '/tmp/keyring-VwPNAu/ssh'
    'SESSION_MANAGER' => 'local/manoj:@/tmp/.ICE-unix/2300,unix/manoj:/tmp/.ICE-unix/2300'
    'DEFAULTS_PATH' => '/usr/share/gconf/ubuntu.default.path'
    'XDG_CONFIG_DIRS' => '/etc/xdg/xdg-ubuntu:/etc/xdg'
    'PATH' => '/usr/lib/lightdm/lightdm:/usr/local/sbin:/usr/local/bin:/usr/sbin:/usr/bin:/sbin:/bin:/usr/games'
    'DESKTOP_SESSION' => 'ubuntu'
    'PWD' => '/var/www/yump/yiiuserplugin'
    'GNOME_KEYRING_PID' => '2289'
    'LANG' => 'en_US.UTF-8'
    'MANDATORY_PATH' => '/usr/share/gconf/ubuntu.mandatory.path'
    'UBUNTU_MENUPROXY' => 'libappmenu.so'
    'COMPIZ_CONFIG_PROFILE' => 'ubuntu'
    'GDMSESSION' => 'ubuntu'
    'SHLVL' => '1'
    'HOME' => '/home/manoj'
    'GNOME_DESKTOP_SESSION_ID' => 'this-is-deprecated'
    'LOGNAME' => 'manoj'
    'XDG_DATA_DIRS' => '/usr/share/ubuntu:/usr/share/gnome:/usr/local/share/:/usr/share/'
    'DBUS_SESSION_BUS_ADDRESS' => 'unix:abstract=/tmp/dbus-FyGxQhbqxb,guid=2924a4aaf8d98c2f8256c9bc0000007e'
    'LESSOPEN' => '| /usr/bin/lesspipe %s'
    'DISPLAY' => ':0.0'
    'XDG_CURRENT_DESKTOP' => 'Unity'
    'LESSCLOSE' => '/usr/bin/lesspipe %s %s'
    'COLORTERM' => 'gnome-terminal'
    'XAUTHORITY' => '/home/manoj/.Xauthority'
    'OLDPWD' => '/home/manoj'
    '_' => '/usr/bin/php'
    'PHP_SELF' => 'yii'
    'SCRIPT_NAME' => 'yii'
    'SCRIPT_FILENAME' => 'yii'
    'PATH_TRANSLATED' => 'yii'
    'DOCUMENT_ROOT' => ''
    'REQUEST_TIME_FLOAT' => 1422870722.3615
    'REQUEST_TIME' => 1422870722
    'argv' => [
        0 => 'yii'
        1 => 'rbac/init'
    ]
    'argc' => 2
]
2015-02-02 09:52:20 [-][-][-][error][yii\console\Exception] exception 'yii\base\InvalidRouteException' with message 'Unable to resolve the request "yii/rbac/init".' in /var/www/yump/yiiuserplugin/vendor/yiisoft/yii2/base/Module.php:461
Stack trace:
#0 /var/www/yump/yiiuserplugin/vendor/yiisoft/yii2/console/Application.php(161): yii\base\Module->runAction('yii/rbac/init', Array)
#1 /var/www/yump/yiiuserplugin/vendor/yiisoft/yii2/console/Application.php(137): yii\console\Application->runAction('yii/rbac/init', Array)
#2 /var/www/yump/yiiuserplugin/vendor/yiisoft/yii2/base/Application.php(375): yii\console\Application->handleRequest(Object(yii\console\Request))
#3 /var/www/yump/yiiuserplugin/yii(31): yii\base\Application->run()
#4 {main}

Next exception 'yii\console\Exception' with message 'Unknown command "yii/rbac/init".' in /var/www/yump/yiiuserplugin/vendor/yiisoft/yii2/console/Application.php:163
Stack trace:
#0 /var/www/yump/yiiuserplugin/vendor/yiisoft/yii2/console/Application.php(137): yii\console\Application->runAction('yii/rbac/init', Array)
#1 /var/www/yump/yiiuserplugin/vendor/yiisoft/yii2/base/Application.php(375): yii\console\Application->handleRequest(Object(yii\console\Request))
#2 /var/www/yump/yiiuserplugin/yii(31): yii\base\Application->run()
#3 {main}
2015-02-02 09:52:20 [-][-][-][info][application] $_SERVER = [
    'SSH_AGENT_PID' => '2335'
    'GPG_AGENT_INFO' => '/tmp/keyring-VwPNAu/gpg:0:1'
    'TERM' => 'xterm'
    'SHELL' => '/bin/bash'
    'XDG_SESSION_COOKIE' => 'a96adbbe0f0f2b51b93ecb110000050b-1422854368.269283-2036469970'
    'WINDOWID' => '73400326'
    'GNOME_KEYRING_CONTROL' => '/tmp/keyring-VwPNAu'
    'USER' => 'manoj'
    'LS_COLORS' => 'rs=0:di=01;34:ln=01;36:mh=00:pi=40;33:so=01;35:do=01;35:bd=40;33;01:cd=40;33;01:or=40;31;01:su=37;41:sg=30;43:ca=30;41:tw=30;42:ow=34;42:st=37;44:ex=01;32:*.tar=01;31:*.tgz=01;31:*.arj=01;31:*.taz=01;31:*.lzh=01;31:*.lzma=01;31:*.tlz=01;31:*.txz=01;31:*.zip=01;31:*.z=01;31:*.Z=01;31:*.dz=01;31:*.gz=01;31:*.lz=01;31:*.xz=01;31:*.bz2=01;31:*.bz=01;31:*.tbz=01;31:*.tbz2=01;31:*.tz=01;31:*.deb=01;31:*.rpm=01;31:*.jar=01;31:*.war=01;31:*.ear=01;31:*.sar=01;31:*.rar=01;31:*.ace=01;31:*.zoo=01;31:*.cpio=01;31:*.7z=01;31:*.rz=01;31:*.jpg=01;35:*.jpeg=01;35:*.gif=01;35:*.bmp=01;35:*.pbm=01;35:*.pgm=01;35:*.ppm=01;35:*.tga=01;35:*.xbm=01;35:*.xpm=01;35:*.tif=01;35:*.tiff=01;35:*.png=01;35:*.svg=01;35:*.svgz=01;35:*.mng=01;35:*.pcx=01;35:*.mov=01;35:*.mpg=01;35:*.mpeg=01;35:*.m2v=01;35:*.mkv=01;35:*.webm=01;35:*.ogm=01;35:*.mp4=01;35:*.m4v=01;35:*.mp4v=01;35:*.vob=01;35:*.qt=01;35:*.nuv=01;35:*.wmv=01;35:*.asf=01;35:*.rm=01;35:*.rmvb=01;35:*.flc=01;35:*.avi=01;35:*.fli=01;35:*.flv=01;35:*.gl=01;35:*.dl=01;35:*.xcf=01;35:*.xwd=01;35:*.yuv=01;35:*.cgm=01;35:*.emf=01;35:*.axv=01;35:*.anx=01;35:*.ogv=01;35:*.ogx=01;35:*.aac=00;36:*.au=00;36:*.flac=00;36:*.mid=00;36:*.midi=00;36:*.mka=00;36:*.mp3=00;36:*.mpc=00;36:*.ogg=00;36:*.ra=00;36:*.wav=00;36:*.axa=00;36:*.oga=00;36:*.spx=00;36:*.xspf=00;36:'
    'XDG_SESSION_PATH' => '/org/freedesktop/DisplayManager/Session0'
    'XDG_SEAT_PATH' => '/org/freedesktop/DisplayManager/Seat0'
    'SSH_AUTH_SOCK' => '/tmp/keyring-VwPNAu/ssh'
    'SESSION_MANAGER' => 'local/manoj:@/tmp/.ICE-unix/2300,unix/manoj:/tmp/.ICE-unix/2300'
    'DEFAULTS_PATH' => '/usr/share/gconf/ubuntu.default.path'
    'XDG_CONFIG_DIRS' => '/etc/xdg/xdg-ubuntu:/etc/xdg'
    'PATH' => '/usr/lib/lightdm/lightdm:/usr/local/sbin:/usr/local/bin:/usr/sbin:/usr/bin:/sbin:/bin:/usr/games'
    'DESKTOP_SESSION' => 'ubuntu'
    'PWD' => '/var/www/yump/yiiuserplugin'
    'GNOME_KEYRING_PID' => '2289'
    'LANG' => 'en_US.UTF-8'
    'MANDATORY_PATH' => '/usr/share/gconf/ubuntu.mandatory.path'
    'UBUNTU_MENUPROXY' => 'libappmenu.so'
    'COMPIZ_CONFIG_PROFILE' => 'ubuntu'
    'GDMSESSION' => 'ubuntu'
    'SHLVL' => '1'
    'HOME' => '/home/manoj'
    'GNOME_DESKTOP_SESSION_ID' => 'this-is-deprecated'
    'LOGNAME' => 'manoj'
    'XDG_DATA_DIRS' => '/usr/share/ubuntu:/usr/share/gnome:/usr/local/share/:/usr/share/'
    'DBUS_SESSION_BUS_ADDRESS' => 'unix:abstract=/tmp/dbus-FyGxQhbqxb,guid=2924a4aaf8d98c2f8256c9bc0000007e'
    'LESSOPEN' => '| /usr/bin/lesspipe %s'
    'DISPLAY' => ':0.0'
    'XDG_CURRENT_DESKTOP' => 'Unity'
    'LESSCLOSE' => '/usr/bin/lesspipe %s %s'
    'COLORTERM' => 'gnome-terminal'
    'XAUTHORITY' => '/home/manoj/.Xauthority'
    'OLDPWD' => '/home/manoj'
    '_' => '/usr/bin/php'
    'PHP_SELF' => 'yii'
    'SCRIPT_NAME' => 'yii'
    'SCRIPT_FILENAME' => 'yii'
    'PATH_TRANSLATED' => 'yii'
    'DOCUMENT_ROOT' => ''
    'REQUEST_TIME_FLOAT' => 1422870740.0657
    'REQUEST_TIME' => 1422870740
    'argv' => [
        0 => 'yii'
        1 => 'yii/rbac/init'
    ]
    'argc' => 2
]
2015-02-02 09:52:28 [-][-][-][error][yii\console\Exception] exception 'yii\base\InvalidRouteException' with message 'Unable to resolve the request "@yii/rbac/init".' in /var/www/yump/yiiuserplugin/vendor/yiisoft/yii2/base/Module.php:461
Stack trace:
#0 /var/www/yump/yiiuserplugin/vendor/yiisoft/yii2/console/Application.php(161): yii\base\Module->runAction('@yii/rbac/init', Array)
#1 /var/www/yump/yiiuserplugin/vendor/yiisoft/yii2/console/Application.php(137): yii\console\Application->runAction('@yii/rbac/init', Array)
#2 /var/www/yump/yiiuserplugin/vendor/yiisoft/yii2/base/Application.php(375): yii\console\Application->handleRequest(Object(yii\console\Request))
#3 /var/www/yump/yiiuserplugin/yii(31): yii\base\Application->run()
#4 {main}

Next exception 'yii\console\Exception' with message 'Unknown command "@yii/rbac/init".' in /var/www/yump/yiiuserplugin/vendor/yiisoft/yii2/console/Application.php:163
Stack trace:
#0 /var/www/yump/yiiuserplugin/vendor/yiisoft/yii2/console/Application.php(137): yii\console\Application->runAction('@yii/rbac/init', Array)
#1 /var/www/yump/yiiuserplugin/vendor/yiisoft/yii2/base/Application.php(375): yii\console\Application->handleRequest(Object(yii\console\Request))
#2 /var/www/yump/yiiuserplugin/yii(31): yii\base\Application->run()
#3 {main}
2015-02-02 09:52:28 [-][-][-][info][application] $_SERVER = [
    'SSH_AGENT_PID' => '2335'
    'GPG_AGENT_INFO' => '/tmp/keyring-VwPNAu/gpg:0:1'
    'TERM' => 'xterm'
    'SHELL' => '/bin/bash'
    'XDG_SESSION_COOKIE' => 'a96adbbe0f0f2b51b93ecb110000050b-1422854368.269283-2036469970'
    'WINDOWID' => '73400326'
    'GNOME_KEYRING_CONTROL' => '/tmp/keyring-VwPNAu'
    'USER' => 'manoj'
    'LS_COLORS' => 'rs=0:di=01;34:ln=01;36:mh=00:pi=40;33:so=01;35:do=01;35:bd=40;33;01:cd=40;33;01:or=40;31;01:su=37;41:sg=30;43:ca=30;41:tw=30;42:ow=34;42:st=37;44:ex=01;32:*.tar=01;31:*.tgz=01;31:*.arj=01;31:*.taz=01;31:*.lzh=01;31:*.lzma=01;31:*.tlz=01;31:*.txz=01;31:*.zip=01;31:*.z=01;31:*.Z=01;31:*.dz=01;31:*.gz=01;31:*.lz=01;31:*.xz=01;31:*.bz2=01;31:*.bz=01;31:*.tbz=01;31:*.tbz2=01;31:*.tz=01;31:*.deb=01;31:*.rpm=01;31:*.jar=01;31:*.war=01;31:*.ear=01;31:*.sar=01;31:*.rar=01;31:*.ace=01;31:*.zoo=01;31:*.cpio=01;31:*.7z=01;31:*.rz=01;31:*.jpg=01;35:*.jpeg=01;35:*.gif=01;35:*.bmp=01;35:*.pbm=01;35:*.pgm=01;35:*.ppm=01;35:*.tga=01;35:*.xbm=01;35:*.xpm=01;35:*.tif=01;35:*.tiff=01;35:*.png=01;35:*.svg=01;35:*.svgz=01;35:*.mng=01;35:*.pcx=01;35:*.mov=01;35:*.mpg=01;35:*.mpeg=01;35:*.m2v=01;35:*.mkv=01;35:*.webm=01;35:*.ogm=01;35:*.mp4=01;35:*.m4v=01;35:*.mp4v=01;35:*.vob=01;35:*.qt=01;35:*.nuv=01;35:*.wmv=01;35:*.asf=01;35:*.rm=01;35:*.rmvb=01;35:*.flc=01;35:*.avi=01;35:*.fli=01;35:*.flv=01;35:*.gl=01;35:*.dl=01;35:*.xcf=01;35:*.xwd=01;35:*.yuv=01;35:*.cgm=01;35:*.emf=01;35:*.axv=01;35:*.anx=01;35:*.ogv=01;35:*.ogx=01;35:*.aac=00;36:*.au=00;36:*.flac=00;36:*.mid=00;36:*.midi=00;36:*.mka=00;36:*.mp3=00;36:*.mpc=00;36:*.ogg=00;36:*.ra=00;36:*.wav=00;36:*.axa=00;36:*.oga=00;36:*.spx=00;36:*.xspf=00;36:'
    'XDG_SESSION_PATH' => '/org/freedesktop/DisplayManager/Session0'
    'XDG_SEAT_PATH' => '/org/freedesktop/DisplayManager/Seat0'
    'SSH_AUTH_SOCK' => '/tmp/keyring-VwPNAu/ssh'
    'SESSION_MANAGER' => 'local/manoj:@/tmp/.ICE-unix/2300,unix/manoj:/tmp/.ICE-unix/2300'
    'DEFAULTS_PATH' => '/usr/share/gconf/ubuntu.default.path'
    'XDG_CONFIG_DIRS' => '/etc/xdg/xdg-ubuntu:/etc/xdg'
    'PATH' => '/usr/lib/lightdm/lightdm:/usr/local/sbin:/usr/local/bin:/usr/sbin:/usr/bin:/sbin:/bin:/usr/games'
    'DESKTOP_SESSION' => 'ubuntu'
    'PWD' => '/var/www/yump/yiiuserplugin'
    'GNOME_KEYRING_PID' => '2289'
    'LANG' => 'en_US.UTF-8'
    'MANDATORY_PATH' => '/usr/share/gconf/ubuntu.mandatory.path'
    'UBUNTU_MENUPROXY' => 'libappmenu.so'
    'COMPIZ_CONFIG_PROFILE' => 'ubuntu'
    'GDMSESSION' => 'ubuntu'
    'SHLVL' => '1'
    'HOME' => '/home/manoj'
    'GNOME_DESKTOP_SESSION_ID' => 'this-is-deprecated'
    'LOGNAME' => 'manoj'
    'XDG_DATA_DIRS' => '/usr/share/ubuntu:/usr/share/gnome:/usr/local/share/:/usr/share/'
    'DBUS_SESSION_BUS_ADDRESS' => 'unix:abstract=/tmp/dbus-FyGxQhbqxb,guid=2924a4aaf8d98c2f8256c9bc0000007e'
    'LESSOPEN' => '| /usr/bin/lesspipe %s'
    'DISPLAY' => ':0.0'
    'XDG_CURRENT_DESKTOP' => 'Unity'
    'LESSCLOSE' => '/usr/bin/lesspipe %s %s'
    'COLORTERM' => 'gnome-terminal'
    'XAUTHORITY' => '/home/manoj/.Xauthority'
    'OLDPWD' => '/home/manoj'
    '_' => '/usr/bin/php'
    'PHP_SELF' => 'yii'
    'SCRIPT_NAME' => 'yii'
    'SCRIPT_FILENAME' => 'yii'
    'PATH_TRANSLATED' => 'yii'
    'DOCUMENT_ROOT' => ''
    'REQUEST_TIME_FLOAT' => 1422870748.3683
    'REQUEST_TIME' => 1422870748
    'argv' => [
        0 => 'yii'
        1 => '@yii/rbac/init'
    ]
    'argc' => 2
]
2015-02-02 09:53:33 [-][-][-][error][yii\console\Exception] exception 'yii\base\InvalidRouteException' with message 'Unable to resolve the request "rbac/init".' in /var/www/yump/yiiuserplugin/vendor/yiisoft/yii2/base/Module.php:461
Stack trace:
#0 /var/www/yump/yiiuserplugin/vendor/yiisoft/yii2/console/Application.php(161): yii\base\Module->runAction('rbac/init', Array)
#1 /var/www/yump/yiiuserplugin/vendor/yiisoft/yii2/console/Application.php(137): yii\console\Application->runAction('rbac/init', Array)
#2 /var/www/yump/yiiuserplugin/vendor/yiisoft/yii2/base/Application.php(375): yii\console\Application->handleRequest(Object(yii\console\Request))
#3 /var/www/yump/yiiuserplugin/yii(31): yii\base\Application->run()
#4 {main}

Next exception 'yii\console\Exception' with message 'Unknown command "rbac/init".' in /var/www/yump/yiiuserplugin/vendor/yiisoft/yii2/console/Application.php:163
Stack trace:
#0 /var/www/yump/yiiuserplugin/vendor/yiisoft/yii2/console/Application.php(137): yii\console\Application->runAction('rbac/init', Array)
#1 /var/www/yump/yiiuserplugin/vendor/yiisoft/yii2/base/Application.php(375): yii\console\Application->handleRequest(Object(yii\console\Request))
#2 /var/www/yump/yiiuserplugin/yii(31): yii\base\Application->run()
#3 {main}
2015-02-02 09:53:33 [-][-][-][info][application] $_SERVER = [
    'SSH_AGENT_PID' => '2335'
    'GPG_AGENT_INFO' => '/tmp/keyring-VwPNAu/gpg:0:1'
    'TERM' => 'xterm'
    'SHELL' => '/bin/bash'
    'XDG_SESSION_COOKIE' => 'a96adbbe0f0f2b51b93ecb110000050b-1422854368.269283-2036469970'
    'WINDOWID' => '73400326'
    'GNOME_KEYRING_CONTROL' => '/tmp/keyring-VwPNAu'
    'USER' => 'manoj'
    'LS_COLORS' => 'rs=0:di=01;34:ln=01;36:mh=00:pi=40;33:so=01;35:do=01;35:bd=40;33;01:cd=40;33;01:or=40;31;01:su=37;41:sg=30;43:ca=30;41:tw=30;42:ow=34;42:st=37;44:ex=01;32:*.tar=01;31:*.tgz=01;31:*.arj=01;31:*.taz=01;31:*.lzh=01;31:*.lzma=01;31:*.tlz=01;31:*.txz=01;31:*.zip=01;31:*.z=01;31:*.Z=01;31:*.dz=01;31:*.gz=01;31:*.lz=01;31:*.xz=01;31:*.bz2=01;31:*.bz=01;31:*.tbz=01;31:*.tbz2=01;31:*.tz=01;31:*.deb=01;31:*.rpm=01;31:*.jar=01;31:*.war=01;31:*.ear=01;31:*.sar=01;31:*.rar=01;31:*.ace=01;31:*.zoo=01;31:*.cpio=01;31:*.7z=01;31:*.rz=01;31:*.jpg=01;35:*.jpeg=01;35:*.gif=01;35:*.bmp=01;35:*.pbm=01;35:*.pgm=01;35:*.ppm=01;35:*.tga=01;35:*.xbm=01;35:*.xpm=01;35:*.tif=01;35:*.tiff=01;35:*.png=01;35:*.svg=01;35:*.svgz=01;35:*.mng=01;35:*.pcx=01;35:*.mov=01;35:*.mpg=01;35:*.mpeg=01;35:*.m2v=01;35:*.mkv=01;35:*.webm=01;35:*.ogm=01;35:*.mp4=01;35:*.m4v=01;35:*.mp4v=01;35:*.vob=01;35:*.qt=01;35:*.nuv=01;35:*.wmv=01;35:*.asf=01;35:*.rm=01;35:*.rmvb=01;35:*.flc=01;35:*.avi=01;35:*.fli=01;35:*.flv=01;35:*.gl=01;35:*.dl=01;35:*.xcf=01;35:*.xwd=01;35:*.yuv=01;35:*.cgm=01;35:*.emf=01;35:*.axv=01;35:*.anx=01;35:*.ogv=01;35:*.ogx=01;35:*.aac=00;36:*.au=00;36:*.flac=00;36:*.mid=00;36:*.midi=00;36:*.mka=00;36:*.mp3=00;36:*.mpc=00;36:*.ogg=00;36:*.ra=00;36:*.wav=00;36:*.axa=00;36:*.oga=00;36:*.spx=00;36:*.xspf=00;36:'
    'XDG_SESSION_PATH' => '/org/freedesktop/DisplayManager/Session0'
    'XDG_SEAT_PATH' => '/org/freedesktop/DisplayManager/Seat0'
    'SSH_AUTH_SOCK' => '/tmp/keyring-VwPNAu/ssh'
    'SESSION_MANAGER' => 'local/manoj:@/tmp/.ICE-unix/2300,unix/manoj:/tmp/.ICE-unix/2300'
    'DEFAULTS_PATH' => '/usr/share/gconf/ubuntu.default.path'
    'XDG_CONFIG_DIRS' => '/etc/xdg/xdg-ubuntu:/etc/xdg'
    'PATH' => '/usr/lib/lightdm/lightdm:/usr/local/sbin:/usr/local/bin:/usr/sbin:/usr/bin:/sbin:/bin:/usr/games'
    'DESKTOP_SESSION' => 'ubuntu'
    'PWD' => '/var/www/yump/yiiuserplugin'
    'GNOME_KEYRING_PID' => '2289'
    'LANG' => 'en_US.UTF-8'
    'MANDATORY_PATH' => '/usr/share/gconf/ubuntu.mandatory.path'
    'UBUNTU_MENUPROXY' => 'libappmenu.so'
    'COMPIZ_CONFIG_PROFILE' => 'ubuntu'
    'GDMSESSION' => 'ubuntu'
    'SHLVL' => '1'
    'HOME' => '/home/manoj'
    'GNOME_DESKTOP_SESSION_ID' => 'this-is-deprecated'
    'LOGNAME' => 'manoj'
    'XDG_DATA_DIRS' => '/usr/share/ubuntu:/usr/share/gnome:/usr/local/share/:/usr/share/'
    'DBUS_SESSION_BUS_ADDRESS' => 'unix:abstract=/tmp/dbus-FyGxQhbqxb,guid=2924a4aaf8d98c2f8256c9bc0000007e'
    'LESSOPEN' => '| /usr/bin/lesspipe %s'
    'DISPLAY' => ':0.0'
    'XDG_CURRENT_DESKTOP' => 'Unity'
    'LESSCLOSE' => '/usr/bin/lesspipe %s %s'
    'COLORTERM' => 'gnome-terminal'
    'XAUTHORITY' => '/home/manoj/.Xauthority'
    'OLDPWD' => '/home/manoj'
    '_' => './yii'
    'PHP_SELF' => './yii'
    'SCRIPT_NAME' => './yii'
    'SCRIPT_FILENAME' => './yii'
    'PATH_TRANSLATED' => './yii'
    'DOCUMENT_ROOT' => ''
    'REQUEST_TIME_FLOAT' => 1422870813.48
    'REQUEST_TIME' => 1422870813
    'argv' => [
        0 => './yii'
        1 => 'rbac/init'
    ]
    'argc' => 2
]
2015-02-02 09:53:45 [-][-][-][error][yii\console\Exception] exception 'yii\base\InvalidRouteException' with message 'Unable to resolve the request "rbac/init".' in /var/www/yump/yiiuserplugin/vendor/yiisoft/yii2/base/Module.php:461
Stack trace:
#0 /var/www/yump/yiiuserplugin/vendor/yiisoft/yii2/console/Application.php(161): yii\base\Module->runAction('rbac/init', Array)
#1 /var/www/yump/yiiuserplugin/vendor/yiisoft/yii2/console/Application.php(137): yii\console\Application->runAction('rbac/init', Array)
#2 /var/www/yump/yiiuserplugin/vendor/yiisoft/yii2/base/Application.php(375): yii\console\Application->handleRequest(Object(yii\console\Request))
#3 /var/www/yump/yiiuserplugin/yii(31): yii\base\Application->run()
#4 {main}

Next exception 'yii\console\Exception' with message 'Unknown command "rbac/init".' in /var/www/yump/yiiuserplugin/vendor/yiisoft/yii2/console/Application.php:163
Stack trace:
#0 /var/www/yump/yiiuserplugin/vendor/yiisoft/yii2/console/Application.php(137): yii\console\Application->runAction('rbac/init', Array)
#1 /var/www/yump/yiiuserplugin/vendor/yiisoft/yii2/base/Application.php(375): yii\console\Application->handleRequest(Object(yii\console\Request))
#2 /var/www/yump/yiiuserplugin/yii(31): yii\base\Application->run()
#3 {main}
2015-02-02 09:53:45 [-][-][-][info][application] $_SERVER = [
    'SSH_AGENT_PID' => '2335'
    'GPG_AGENT_INFO' => '/tmp/keyring-VwPNAu/gpg:0:1'
    'TERM' => 'xterm'
    'SHELL' => '/bin/bash'
    'XDG_SESSION_COOKIE' => 'a96adbbe0f0f2b51b93ecb110000050b-1422854368.269283-2036469970'
    'WINDOWID' => '73400326'
    'GNOME_KEYRING_CONTROL' => '/tmp/keyring-VwPNAu'
    'USER' => 'manoj'
    'LS_COLORS' => 'rs=0:di=01;34:ln=01;36:mh=00:pi=40;33:so=01;35:do=01;35:bd=40;33;01:cd=40;33;01:or=40;31;01:su=37;41:sg=30;43:ca=30;41:tw=30;42:ow=34;42:st=37;44:ex=01;32:*.tar=01;31:*.tgz=01;31:*.arj=01;31:*.taz=01;31:*.lzh=01;31:*.lzma=01;31:*.tlz=01;31:*.txz=01;31:*.zip=01;31:*.z=01;31:*.Z=01;31:*.dz=01;31:*.gz=01;31:*.lz=01;31:*.xz=01;31:*.bz2=01;31:*.bz=01;31:*.tbz=01;31:*.tbz2=01;31:*.tz=01;31:*.deb=01;31:*.rpm=01;31:*.jar=01;31:*.war=01;31:*.ear=01;31:*.sar=01;31:*.rar=01;31:*.ace=01;31:*.zoo=01;31:*.cpio=01;31:*.7z=01;31:*.rz=01;31:*.jpg=01;35:*.jpeg=01;35:*.gif=01;35:*.bmp=01;35:*.pbm=01;35:*.pgm=01;35:*.ppm=01;35:*.tga=01;35:*.xbm=01;35:*.xpm=01;35:*.tif=01;35:*.tiff=01;35:*.png=01;35:*.svg=01;35:*.svgz=01;35:*.mng=01;35:*.pcx=01;35:*.mov=01;35:*.mpg=01;35:*.mpeg=01;35:*.m2v=01;35:*.mkv=01;35:*.webm=01;35:*.ogm=01;35:*.mp4=01;35:*.m4v=01;35:*.mp4v=01;35:*.vob=01;35:*.qt=01;35:*.nuv=01;35:*.wmv=01;35:*.asf=01;35:*.rm=01;35:*.rmvb=01;35:*.flc=01;35:*.avi=01;35:*.fli=01;35:*.flv=01;35:*.gl=01;35:*.dl=01;35:*.xcf=01;35:*.xwd=01;35:*.yuv=01;35:*.cgm=01;35:*.emf=01;35:*.axv=01;35:*.anx=01;35:*.ogv=01;35:*.ogx=01;35:*.aac=00;36:*.au=00;36:*.flac=00;36:*.mid=00;36:*.midi=00;36:*.mka=00;36:*.mp3=00;36:*.mpc=00;36:*.ogg=00;36:*.ra=00;36:*.wav=00;36:*.axa=00;36:*.oga=00;36:*.spx=00;36:*.xspf=00;36:'
    'XDG_SESSION_PATH' => '/org/freedesktop/DisplayManager/Session0'
    'XDG_SEAT_PATH' => '/org/freedesktop/DisplayManager/Seat0'
    'SSH_AUTH_SOCK' => '/tmp/keyring-VwPNAu/ssh'
    'SESSION_MANAGER' => 'local/manoj:@/tmp/.ICE-unix/2300,unix/manoj:/tmp/.ICE-unix/2300'
    'DEFAULTS_PATH' => '/usr/share/gconf/ubuntu.default.path'
    'XDG_CONFIG_DIRS' => '/etc/xdg/xdg-ubuntu:/etc/xdg'
    'PATH' => '/usr/lib/lightdm/lightdm:/usr/local/sbin:/usr/local/bin:/usr/sbin:/usr/bin:/sbin:/bin:/usr/games'
    'DESKTOP_SESSION' => 'ubuntu'
    'PWD' => '/var/www/yump/yiiuserplugin'
    'GNOME_KEYRING_PID' => '2289'
    'LANG' => 'en_US.UTF-8'
    'MANDATORY_PATH' => '/usr/share/gconf/ubuntu.mandatory.path'
    'UBUNTU_MENUPROXY' => 'libappmenu.so'
    'COMPIZ_CONFIG_PROFILE' => 'ubuntu'
    'GDMSESSION' => 'ubuntu'
    'SHLVL' => '1'
    'HOME' => '/home/manoj'
    'GNOME_DESKTOP_SESSION_ID' => 'this-is-deprecated'
    'LOGNAME' => 'manoj'
    'XDG_DATA_DIRS' => '/usr/share/ubuntu:/usr/share/gnome:/usr/local/share/:/usr/share/'
    'DBUS_SESSION_BUS_ADDRESS' => 'unix:abstract=/tmp/dbus-FyGxQhbqxb,guid=2924a4aaf8d98c2f8256c9bc0000007e'
    'LESSOPEN' => '| /usr/bin/lesspipe %s'
    'DISPLAY' => ':0.0'
    'XDG_CURRENT_DESKTOP' => 'Unity'
    'LESSCLOSE' => '/usr/bin/lesspipe %s %s'
    'COLORTERM' => 'gnome-terminal'
    'XAUTHORITY' => '/home/manoj/.Xauthority'
    'OLDPWD' => '/home/manoj'
    '_' => '/usr/bin/php'
    'PHP_SELF' => './yii'
    'SCRIPT_NAME' => './yii'
    'SCRIPT_FILENAME' => './yii'
    'PATH_TRANSLATED' => './yii'
    'DOCUMENT_ROOT' => ''
    'REQUEST_TIME_FLOAT' => 1422870825.2984
    'REQUEST_TIME' => 1422870825
    'argv' => [
        0 => './yii'
        1 => 'rbac/init'
    ]
    'argc' => 2
]
2015-02-02 09:53:52 [-][-][-][error][yii\console\Exception] exception 'yii\base\InvalidRouteException' with message 'Unable to resolve the request "rbac/init".' in /var/www/yump/yiiuserplugin/vendor/yiisoft/yii2/base/Module.php:461
Stack trace:
#0 /var/www/yump/yiiuserplugin/vendor/yiisoft/yii2/console/Application.php(161): yii\base\Module->runAction('rbac/init', Array)
#1 /var/www/yump/yiiuserplugin/vendor/yiisoft/yii2/console/Application.php(137): yii\console\Application->runAction('rbac/init', Array)
#2 /var/www/yump/yiiuserplugin/vendor/yiisoft/yii2/base/Application.php(375): yii\console\Application->handleRequest(Object(yii\console\Request))
#3 /var/www/yump/yiiuserplugin/yii(31): yii\base\Application->run()
#4 {main}

Next exception 'yii\console\Exception' with message 'Unknown command "rbac/init".' in /var/www/yump/yiiuserplugin/vendor/yiisoft/yii2/console/Application.php:163
Stack trace:
#0 /var/www/yump/yiiuserplugin/vendor/yiisoft/yii2/console/Application.php(137): yii\console\Application->runAction('rbac/init', Array)
#1 /var/www/yump/yiiuserplugin/vendor/yiisoft/yii2/base/Application.php(375): yii\console\Application->handleRequest(Object(yii\console\Request))
#2 /var/www/yump/yiiuserplugin/yii(31): yii\base\Application->run()
#3 {main}
2015-02-02 09:53:52 [-][-][-][info][application] $_SERVER = [
    'SSH_AGENT_PID' => '2335'
    'GPG_AGENT_INFO' => '/tmp/keyring-VwPNAu/gpg:0:1'
    'TERM' => 'xterm'
    'SHELL' => '/bin/bash'
    'XDG_SESSION_COOKIE' => 'a96adbbe0f0f2b51b93ecb110000050b-1422854368.269283-2036469970'
    'WINDOWID' => '73400326'
    'GNOME_KEYRING_CONTROL' => '/tmp/keyring-VwPNAu'
    'USER' => 'manoj'
    'LS_COLORS' => 'rs=0:di=01;34:ln=01;36:mh=00:pi=40;33:so=01;35:do=01;35:bd=40;33;01:cd=40;33;01:or=40;31;01:su=37;41:sg=30;43:ca=30;41:tw=30;42:ow=34;42:st=37;44:ex=01;32:*.tar=01;31:*.tgz=01;31:*.arj=01;31:*.taz=01;31:*.lzh=01;31:*.lzma=01;31:*.tlz=01;31:*.txz=01;31:*.zip=01;31:*.z=01;31:*.Z=01;31:*.dz=01;31:*.gz=01;31:*.lz=01;31:*.xz=01;31:*.bz2=01;31:*.bz=01;31:*.tbz=01;31:*.tbz2=01;31:*.tz=01;31:*.deb=01;31:*.rpm=01;31:*.jar=01;31:*.war=01;31:*.ear=01;31:*.sar=01;31:*.rar=01;31:*.ace=01;31:*.zoo=01;31:*.cpio=01;31:*.7z=01;31:*.rz=01;31:*.jpg=01;35:*.jpeg=01;35:*.gif=01;35:*.bmp=01;35:*.pbm=01;35:*.pgm=01;35:*.ppm=01;35:*.tga=01;35:*.xbm=01;35:*.xpm=01;35:*.tif=01;35:*.tiff=01;35:*.png=01;35:*.svg=01;35:*.svgz=01;35:*.mng=01;35:*.pcx=01;35:*.mov=01;35:*.mpg=01;35:*.mpeg=01;35:*.m2v=01;35:*.mkv=01;35:*.webm=01;35:*.ogm=01;35:*.mp4=01;35:*.m4v=01;35:*.mp4v=01;35:*.vob=01;35:*.qt=01;35:*.nuv=01;35:*.wmv=01;35:*.asf=01;35:*.rm=01;35:*.rmvb=01;35:*.flc=01;35:*.avi=01;35:*.fli=01;35:*.flv=01;35:*.gl=01;35:*.dl=01;35:*.xcf=01;35:*.xwd=01;35:*.yuv=01;35:*.cgm=01;35:*.emf=01;35:*.axv=01;35:*.anx=01;35:*.ogv=01;35:*.ogx=01;35:*.aac=00;36:*.au=00;36:*.flac=00;36:*.mid=00;36:*.midi=00;36:*.mka=00;36:*.mp3=00;36:*.mpc=00;36:*.ogg=00;36:*.ra=00;36:*.wav=00;36:*.axa=00;36:*.oga=00;36:*.spx=00;36:*.xspf=00;36:'
    'XDG_SESSION_PATH' => '/org/freedesktop/DisplayManager/Session0'
    'XDG_SEAT_PATH' => '/org/freedesktop/DisplayManager/Seat0'
    'SSH_AUTH_SOCK' => '/tmp/keyring-VwPNAu/ssh'
    'SESSION_MANAGER' => 'local/manoj:@/tmp/.ICE-unix/2300,unix/manoj:/tmp/.ICE-unix/2300'
    'DEFAULTS_PATH' => '/usr/share/gconf/ubuntu.default.path'
    'XDG_CONFIG_DIRS' => '/etc/xdg/xdg-ubuntu:/etc/xdg'
    'PATH' => '/usr/lib/lightdm/lightdm:/usr/local/sbin:/usr/local/bin:/usr/sbin:/usr/bin:/sbin:/bin:/usr/games'
    'DESKTOP_SESSION' => 'ubuntu'
    'PWD' => '/var/www/yump/yiiuserplugin'
    'GNOME_KEYRING_PID' => '2289'
    'LANG' => 'en_US.UTF-8'
    'MANDATORY_PATH' => '/usr/share/gconf/ubuntu.mandatory.path'
    'UBUNTU_MENUPROXY' => 'libappmenu.so'
    'COMPIZ_CONFIG_PROFILE' => 'ubuntu'
    'GDMSESSION' => 'ubuntu'
    'SHLVL' => '1'
    'HOME' => '/home/manoj'
    'GNOME_DESKTOP_SESSION_ID' => 'this-is-deprecated'
    'LOGNAME' => 'manoj'
    'XDG_DATA_DIRS' => '/usr/share/ubuntu:/usr/share/gnome:/usr/local/share/:/usr/share/'
    'DBUS_SESSION_BUS_ADDRESS' => 'unix:abstract=/tmp/dbus-FyGxQhbqxb,guid=2924a4aaf8d98c2f8256c9bc0000007e'
    'LESSOPEN' => '| /usr/bin/lesspipe %s'
    'DISPLAY' => ':0.0'
    'XDG_CURRENT_DESKTOP' => 'Unity'
    'LESSCLOSE' => '/usr/bin/lesspipe %s %s'
    'COLORTERM' => 'gnome-terminal'
    'XAUTHORITY' => '/home/manoj/.Xauthority'
    'OLDPWD' => '/home/manoj'
    '_' => '/usr/bin/php'
    'PHP_SELF' => 'yii'
    'SCRIPT_NAME' => 'yii'
    'SCRIPT_FILENAME' => 'yii'
    'PATH_TRANSLATED' => 'yii'
    'DOCUMENT_ROOT' => ''
    'REQUEST_TIME_FLOAT' => 1422870832.2139
    'REQUEST_TIME' => 1422870832
    'argv' => [
        0 => 'yii'
        1 => 'rbac/init'
    ]
    'argc' => 2
]
2015-02-02 10:20:19 [-][-][-][error][yii\console\Exception] exception 'yii\base\InvalidRouteException' with message 'Unable to resolve the request "rbac/init".' in /var/www/yump/yiiuserplugin/vendor/yiisoft/yii2/base/Module.php:461
Stack trace:
#0 /var/www/yump/yiiuserplugin/vendor/yiisoft/yii2/console/Application.php(161): yii\base\Module->runAction('rbac/init', Array)
#1 /var/www/yump/yiiuserplugin/vendor/yiisoft/yii2/console/Application.php(137): yii\console\Application->runAction('rbac/init', Array)
#2 /var/www/yump/yiiuserplugin/vendor/yiisoft/yii2/base/Application.php(375): yii\console\Application->handleRequest(Object(yii\console\Request))
#3 /var/www/yump/yiiuserplugin/yii(31): yii\base\Application->run()
#4 {main}

Next exception 'yii\console\Exception' with message 'Unknown command "rbac/init".' in /var/www/yump/yiiuserplugin/vendor/yiisoft/yii2/console/Application.php:163
Stack trace:
#0 /var/www/yump/yiiuserplugin/vendor/yiisoft/yii2/console/Application.php(137): yii\console\Application->runAction('rbac/init', Array)
#1 /var/www/yump/yiiuserplugin/vendor/yiisoft/yii2/base/Application.php(375): yii\console\Application->handleRequest(Object(yii\console\Request))
#2 /var/www/yump/yiiuserplugin/yii(31): yii\base\Application->run()
#3 {main}
2015-02-02 10:20:19 [-][-][-][info][application] $_SERVER = [
    'SSH_AGENT_PID' => '2335'
    'GPG_AGENT_INFO' => '/tmp/keyring-VwPNAu/gpg:0:1'
    'TERM' => 'xterm'
    'SHELL' => '/bin/bash'
    'XDG_SESSION_COOKIE' => 'a96adbbe0f0f2b51b93ecb110000050b-1422854368.269283-2036469970'
    'WINDOWID' => '73400326'
    'GNOME_KEYRING_CONTROL' => '/tmp/keyring-VwPNAu'
    'USER' => 'manoj'
    'LS_COLORS' => 'rs=0:di=01;34:ln=01;36:mh=00:pi=40;33:so=01;35:do=01;35:bd=40;33;01:cd=40;33;01:or=40;31;01:su=37;41:sg=30;43:ca=30;41:tw=30;42:ow=34;42:st=37;44:ex=01;32:*.tar=01;31:*.tgz=01;31:*.arj=01;31:*.taz=01;31:*.lzh=01;31:*.lzma=01;31:*.tlz=01;31:*.txz=01;31:*.zip=01;31:*.z=01;31:*.Z=01;31:*.dz=01;31:*.gz=01;31:*.lz=01;31:*.xz=01;31:*.bz2=01;31:*.bz=01;31:*.tbz=01;31:*.tbz2=01;31:*.tz=01;31:*.deb=01;31:*.rpm=01;31:*.jar=01;31:*.war=01;31:*.ear=01;31:*.sar=01;31:*.rar=01;31:*.ace=01;31:*.zoo=01;31:*.cpio=01;31:*.7z=01;31:*.rz=01;31:*.jpg=01;35:*.jpeg=01;35:*.gif=01;35:*.bmp=01;35:*.pbm=01;35:*.pgm=01;35:*.ppm=01;35:*.tga=01;35:*.xbm=01;35:*.xpm=01;35:*.tif=01;35:*.tiff=01;35:*.png=01;35:*.svg=01;35:*.svgz=01;35:*.mng=01;35:*.pcx=01;35:*.mov=01;35:*.mpg=01;35:*.mpeg=01;35:*.m2v=01;35:*.mkv=01;35:*.webm=01;35:*.ogm=01;35:*.mp4=01;35:*.m4v=01;35:*.mp4v=01;35:*.vob=01;35:*.qt=01;35:*.nuv=01;35:*.wmv=01;35:*.asf=01;35:*.rm=01;35:*.rmvb=01;35:*.flc=01;35:*.avi=01;35:*.fli=01;35:*.flv=01;35:*.gl=01;35:*.dl=01;35:*.xcf=01;35:*.xwd=01;35:*.yuv=01;35:*.cgm=01;35:*.emf=01;35:*.axv=01;35:*.anx=01;35:*.ogv=01;35:*.ogx=01;35:*.aac=00;36:*.au=00;36:*.flac=00;36:*.mid=00;36:*.midi=00;36:*.mka=00;36:*.mp3=00;36:*.mpc=00;36:*.ogg=00;36:*.ra=00;36:*.wav=00;36:*.axa=00;36:*.oga=00;36:*.spx=00;36:*.xspf=00;36:'
    'XDG_SESSION_PATH' => '/org/freedesktop/DisplayManager/Session0'
    'XDG_SEAT_PATH' => '/org/freedesktop/DisplayManager/Seat0'
    'SSH_AUTH_SOCK' => '/tmp/keyring-VwPNAu/ssh'
    'SESSION_MANAGER' => 'local/manoj:@/tmp/.ICE-unix/2300,unix/manoj:/tmp/.ICE-unix/2300'
    'DEFAULTS_PATH' => '/usr/share/gconf/ubuntu.default.path'
    'XDG_CONFIG_DIRS' => '/etc/xdg/xdg-ubuntu:/etc/xdg'
    'PATH' => '/usr/lib/lightdm/lightdm:/usr/local/sbin:/usr/local/bin:/usr/sbin:/usr/bin:/sbin:/bin:/usr/games'
    'DESKTOP_SESSION' => 'ubuntu'
    'PWD' => '/var/www/yump/yiiuserplugin'
    'GNOME_KEYRING_PID' => '2289'
    'LANG' => 'en_US.UTF-8'
    'MANDATORY_PATH' => '/usr/share/gconf/ubuntu.mandatory.path'
    'UBUNTU_MENUPROXY' => 'libappmenu.so'
    'COMPIZ_CONFIG_PROFILE' => 'ubuntu'
    'GDMSESSION' => 'ubuntu'
    'SHLVL' => '1'
    'HOME' => '/home/manoj'
    'GNOME_DESKTOP_SESSION_ID' => 'this-is-deprecated'
    'LOGNAME' => 'manoj'
    'XDG_DATA_DIRS' => '/usr/share/ubuntu:/usr/share/gnome:/usr/local/share/:/usr/share/'
    'DBUS_SESSION_BUS_ADDRESS' => 'unix:abstract=/tmp/dbus-FyGxQhbqxb,guid=2924a4aaf8d98c2f8256c9bc0000007e'
    'LESSOPEN' => '| /usr/bin/lesspipe %s'
    'DISPLAY' => ':0.0'
    'XDG_CURRENT_DESKTOP' => 'Unity'
    'LESSCLOSE' => '/usr/bin/lesspipe %s %s'
    'COLORTERM' => 'gnome-terminal'
    'XAUTHORITY' => '/home/manoj/.Xauthority'
    'OLDPWD' => '/home/manoj'
    '_' => '/usr/bin/php'
    'PHP_SELF' => 'yii'
    'SCRIPT_NAME' => 'yii'
    'SCRIPT_FILENAME' => 'yii'
    'PATH_TRANSLATED' => 'yii'
    'DOCUMENT_ROOT' => ''
    'REQUEST_TIME_FLOAT' => 1422872419.6181
    'REQUEST_TIME' => 1422872419
    'argv' => [
        0 => 'yii'
        1 => 'rbac/init'
    ]
    'argc' => 2
]
